**
(report_v3.tex
LaTeX2e <2021-11-15> patch level 1
L3 programming layer <2022-02-24> (article.cls
Document Class: article 2021/10/04 v1.4n Standard LaTeX document class
(size10.clo
File: size10.clo 2021/10/04 v1.4n Standard LaTeX file (size option)
)
\c@part=\count181
\c@section=\count182
\c@subsection=\count183
\c@subsubsection=\count184
\c@paragraph=\count185
\c@subparagraph=\count186
\c@figure=\count187
\c@table=\count188
\abovecaptionskip=\skip47
\belowcaptionskip=\skip48
\bibindent=\dimen138
) (neurips_2024.sty
Package: neurips_2024 2024/05/01 NeurIPS 2024 Style
 (geometry.sty
Package: geometry 2020/01/02 v5.9 Page Geometry
 (keyval.sty
Package: keyval 2014/10/28 v1.15 key=value parser (DPC)
\KV@toks@=\toks16
) (ifvtex.sty
Package: ifvtex 2019/10/25 v1.7 ifvtex legacy package. Use iftex instead.

(iftex.sty
Package: iftex 2022/02/03 v1.0f TeX engine tests
))
\Gm@cnth=\count189
\Gm@cntv=\count190
\c@Gm@tempcnt=\count191
\Gm@bindingoffset=\dimen139
\Gm@wd@mp=\dimen140
\Gm@odd@mp=\dimen141
\Gm@even@mp=\dimen142
\Gm@layoutwidth=\dimen143
\Gm@layoutheight=\dimen144
\Gm@layouthoffset=\dimen145
\Gm@layoutvoffset=\dimen146
\Gm@dimlist=\toks17
) (times.sty
Package: times 2020/03/25 PSNFSS-v9.3 (SPQR) 
) (fontenc.sty
Package: fontenc 2021/04/29 v2.0v Standard LaTeX package
LaTeX Font Info:    Trying to load font information for T1+ptm on input line 11
2.
 (t1ptm.fd
File: t1ptm.fd 2001/06/04 font definitions for T1/ptm.
)) (titlesec.sty
Package: titlesec 2021/07/05 v2.14 Sectioning titles
\ttl@box=\box50
\beforetitleunit=\skip49
\aftertitleunit=\skip50
\ttl@plus=\dimen147
\ttl@minus=\dimen148
\ttl@toksa=\toks18
\titlewidth=\dimen149
\titlewidthlast=\dimen150
\titlewidthfirst=\dimen151
) (caption.sty
Package: caption 2022/03/01 v3.6b Customizing captions (AR)

(caption3.sty
Package: caption3 2022/03/17 v2.3b caption3 kernel (AR)
\caption@tempdima=\dimen152
\captionmargin=\dimen153
\caption@leftmargin=\dimen154
\caption@rightmargin=\dimen155
\caption@width=\dimen156
\caption@indent=\dimen157
\caption@parindent=\dimen158
\caption@hangindent=\dimen159
Package caption Info: Standard document class detected.
)
\c@caption@flags=\count192
\c@continuedfloat=\count193
)) (inputenc.sty
Package: inputenc 2021/02/14 v1.3d Input encoding file
\inpenc@prehook=\toks19
\inpenc@posthook=\toks20


Package inputenc Warning: inputenc package ignored with utf8 based engines.

) (fontenc.sty
Package: fontenc 2021/04/29 v2.0v Standard LaTeX package
) (hyperref.sty
Package: hyperref 2022-02-21 v7.00n Hypertext links for LaTeX
 (ltxcmds.sty
Package: ltxcmds 2020-05-10 v1.25 LaTeX kernel commands for general use (HO)
) (pdftexcmds.sty
Package: pdftexcmds 2020-06-27 v0.33 Utility functions of pdfTeX for LuaTeX (HO
)
 (infwarerr.sty
Package: infwarerr 2019/12/03 v1.5 Providing info/warning/error messages (HO)
)
Package pdftexcmds Info: \pdf@primitive is available.
Package pdftexcmds Info: \pdf@ifprimitive is available.
Package pdftexcmds Info: \pdfdraftmode not found.
)
(kvsetkeys.sty
Package: kvsetkeys 2019/12/15 v1.18 Key value parser (HO)
) (kvdefinekeys.sty
Package: kvdefinekeys 2019-12-19 v1.6 Define keys (HO)
) (pdfescape.sty
Package: pdfescape 2019/12/09 v1.15 Implements pdfTeX's escape features (HO)
) (hycolor.sty
Package: hycolor 2020-01-27 v1.10 Color options for hyperref/bookmark (HO)
)
(letltxmacro.sty
Package: letltxmacro 2019/12/03 v1.6 Let assignment for LaTeX macros (HO)
) (auxhook.sty
Package: auxhook 2019-12-17 v1.6 Hooks for auxiliary files (HO)
) (kvoptions.sty
Package: kvoptions 2020-10-07 v3.14 Key value format for package options (HO)
)
\@linkdim=\dimen160
\Hy@linkcounter=\count194
\Hy@pagecounter=\count195
 (pd1enc.def
File: pd1enc.def 2022-02-21 v7.00n Hyperref: PDFDocEncoding definition (HO)
) (intcalc.sty
Package: intcalc 2019/12/15 v1.3 Expandable calculations with integers (HO)
)
(etexcmds.sty
Package: etexcmds 2019/12/15 v1.7 Avoid name clashes with e-TeX commands (HO)
)
\Hy@SavedSpaceFactor=\count196
 (puenc.def
File: puenc.def 2022-02-21 v7.00n Hyperref: PDF Unicode definition (HO)
)
Package hyperref Info: Hyper figures OFF on input line 4137.
Package hyperref Info: Link nesting OFF on input line 4142.
Package hyperref Info: Hyper index ON on input line 4145.
Package hyperref Info: Plain pages OFF on input line 4152.
Package hyperref Info: Backreferencing OFF on input line 4157.
Package hyperref Info: Implicit mode ON; LaTeX internals redefined.
Package hyperref Info: Bookmarks ON on input line 4390.
\c@Hy@tempcnt=\count197
 (url.sty
\Urlmuskip=\muskip16
Package: url 2013/09/16  ver 3.4  Verb mode for urls, etc.
)
LaTeX Info: Redefining \url on input line 4749.
\XeTeXLinkMargin=\dimen161
 (bitset.sty
Package: bitset 2019/12/09 v1.3 Handle bit-vector datatype (HO)
 (bigintcalc.sty
Package: bigintcalc 2019/12/15 v1.5 Expandable calculations on big integers (HO
)
))
\Fld@menulength=\count198
\Field@Width=\dimen162
\Fld@charsize=\dimen163
Package hyperref Info: Hyper figures OFF on input line 6027.
Package hyperref Info: Link nesting OFF on input line 6032.
Package hyperref Info: Hyper index ON on input line 6035.
Package hyperref Info: backreferencing OFF on input line 6042.
Package hyperref Info: Link coloring OFF on input line 6047.
Package hyperref Info: Link coloring with OCG OFF on input line 6052.
Package hyperref Info: PDF/A mode OFF on input line 6057.
LaTeX Info: Redefining \ref on input line 6097.
LaTeX Info: Redefining \pageref on input line 6101.

(atbegshi-ltx.sty
Package: atbegshi-ltx 2021/01/10 v1.0c Emulation of the original atbegshi
package with kernel methods
)
\Hy@abspage=\count199
\c@Item=\count266
\c@Hfootnote=\count267
)
Package hyperref Info: Driver (autodetected): hxetex.
 (hxetex.def
File: hxetex.def 2022-02-21 v7.00n Hyperref driver for XeTeX
 (stringenc.sty
Package: stringenc 2019/11/29 v1.12 Convert strings between diff. encodings (HO
)
)
\pdfm@box=\box51
\c@Hy@AnnotLevel=\count268
\HyField@AnnotCount=\count269
\Fld@listcount=\count270
\c@bookmark@seq@number=\count271
 (rerunfilecheck.sty
Package: rerunfilecheck 2019/12/05 v1.9 Rerun checks for auxiliary files (HO)

(atveryend-ltx.sty
Package: atveryend-ltx 2020/08/19 v1.0a Emulation of the original atveryend pac
kage
with kernel methods
) (uniquecounter.sty
Package: uniquecounter 2019/12/15 v1.4 Provide unlimited unique counter (HO)
)
Package uniquecounter Info: New unique counter `rerunfilecheck' on input line 2
86.
)
\Hy@SectionHShift=\skip51
) (booktabs.sty
Package: booktabs 2020/01/12 v1.61803398 Publication quality tables
\heavyrulewidth=\dimen164
\lightrulewidth=\dimen165
\cmidrulewidth=\dimen166
\belowrulesep=\dimen167
\belowbottomsep=\dimen168
\aboverulesep=\dimen169
\abovetopsep=\dimen170
\cmidrulesep=\dimen171
\cmidrulekern=\dimen172
\defaultaddspace=\dimen173
\@cmidla=\count272
\@cmidlb=\count273
\@aboverulesep=\dimen174
\@belowrulesep=\dimen175
\@thisruleclass=\count274
\@lastruleclass=\count275
\@thisrulewidth=\dimen176
) (amsfonts.sty
Package: amsfonts 2013/01/14 v3.01 Basic AMSFonts support
\@emptytoks=\toks21
\symAMSa=\mathgroup4
\symAMSb=\mathgroup5
LaTeX Font Info:    Redeclaring math symbol \hbar on input line 98.
LaTeX Font Info:    Overwriting math alphabet `\mathfrak' in version `bold'
(Font)                  U/euf/m/n --> U/euf/b/n on input line 106.
)
(amsmath.sty
Package: amsmath 2021/10/15 v2.17l AMS math features
\@mathmargin=\skip52

For additional information on amsmath, use the `?' option.
(amstext.sty
Package: amstext 2021/08/26 v2.01 AMS text
 (amsgen.sty
File: amsgen.sty 1999/11/30 v2.0 generic functions
\@emptytoks=\toks22
\ex@=\dimen177
)) (amsbsy.sty
Package: amsbsy 1999/11/29 v1.2d Bold Symbols
\pmbraise@=\dimen178
) (amsopn.sty
Package: amsopn 2021/08/26 v2.02 operator names
)
\inf@bad=\count276
LaTeX Info: Redefining \frac on input line 234.
\uproot@=\count277
\leftroot@=\count278
LaTeX Info: Redefining \overline on input line 399.
\classnum@=\count279
\DOTSCASE@=\count280
LaTeX Info: Redefining \ldots on input line 496.
LaTeX Info: Redefining \dots on input line 499.
LaTeX Info: Redefining \cdots on input line 620.
\Mathstrutbox@=\box52
\strutbox@=\box53
\big@size=\dimen179
LaTeX Font Info:    Redeclaring font encoding OML on input line 743.
LaTeX Font Info:    Redeclaring font encoding OMS on input line 744.
\macc@depth=\count281
\c@MaxMatrixCols=\count282
\dotsspace@=\muskip17
\c@parentequation=\count283
\dspbrk@lvl=\count284
\tag@help=\toks23
\row@=\count285
\column@=\count286
\maxfields@=\count287
\andhelp@=\toks24
\eqnshift@=\dimen180
\alignsep@=\dimen181
\tagshift@=\dimen182
\tagwidth@=\dimen183
\totwidth@=\dimen184
\lineht@=\dimen185
\@envbody=\toks25
\multlinegap=\skip53
\multlinetaggap=\skip54
\mathdisplay@stack=\toks26
LaTeX Info: Redefining \[ on input line 2938.
LaTeX Info: Redefining \] on input line 2939.
) (nicefrac.sty
Package: nicefrac 1998/08/04 v0.9b Nice fractions
\L@UnitsRaiseDisplaystyle=\skip55
\L@UnitsRaiseTextstyle=\skip56
\L@UnitsRaiseScriptstyle=\skip57
 (ifthen.sty
Package: ifthen 2020/11/24 v1.1c Standard LaTeX ifthen package (DPC)
)) (microtype.sty
Package: microtype 2022/03/14 v3.0d Micro-typographical refinements (RS)
 (etoolbox.sty
Package: etoolbox 2020/10/05 v2.5k e-TeX tools for LaTeX (JAW)
\etb@tempcnta=\count288
)
\MT@toks=\toks27
\MT@tempbox=\box54
\MT@count=\count289
LaTeX Info: Redefining \noprotrusionifhmode on input line 1027.
LaTeX Info: Redefining \leftprotrusion on input line 1028.
LaTeX Info: Redefining \rightprotrusion on input line 1036.
LaTeX Info: Redefining \textls on input line 1195.
\MT@outer@kern=\dimen186
LaTeX Info: Redefining \textmicrotypecontext on input line 1781.
\MT@listname@count=\count290
 (microtype-xetex.def
File: microtype-xetex.def 2022/03/14 v3.0d Definitions specific to xetex (RS)
LaTeX Info: Redefining \lsstyle on input line 236.
)
Package microtype Info: Loading configuration file microtype.cfg.
 (microtype.cfg
File: microtype.cfg 2022/03/14 v3.0d microtype main configuration file (RS)
))
(graphicx.sty
Package: graphicx 2021/09/16 v1.2d Enhanced LaTeX Graphics (DPC,SPQR)
 (graphics.sty
Package: graphics 2021/03/04 v1.4d Standard LaTeX Graphics (DPC,SPQR)
 (trig.sty
Package: trig 2021/08/11 v1.11 sin cos tan (DPC)
) (graphics.cfg
File: graphics.cfg 2016/06/04 v1.11 sample graphics configuration
)
Package graphics Info: Driver file: xetex.def on input line 107.
 (xetex.def
File: xetex.def 2021/03/18 v5.0k Graphics/color driver for xetex
))
\Gin@req@height=\dimen187
\Gin@req@width=\dimen188
)
(subcaption.sty
Package: subcaption 2022/01/07 v1.5 Sub-captions (AR)
\c@subfigure=\count291
\c@subtable=\count292
) (xcolor.sty
Package: xcolor 2021/10/31 v2.13 LaTeX color extensions (UK)
 (color.cfg
File: color.cfg 2016/01/02 v1.6 sample color configuration
)
Package xcolor Info: Driver file: xetex.def on input line 227.
 (colortbl.sty
Package: colortbl 2020/01/04 v1.0e Color table columns (DPC)
 (array.sty
Package: array 2021/10/04 v2.5f Tabular extension package (FMi)
\col@sep=\dimen189
\ar@mcellbox=\box55
\extrarowheight=\dimen190
\NC@list=\toks28
\extratabsurround=\skip58
\backup@length=\skip59
\ar@cellbox=\box56
)
\everycr=\toks29
\minrowclearance=\skip60
)
\rownum=\count293
Package xcolor Info: Model `cmy' substituted by `cmy0' on input line 1352.
Package xcolor Info: Model `RGB' extended on input line 1368.
Package xcolor Info: Model `HTML' substituted by `rgb' on input line 1370.
Package xcolor Info: Model `Hsb' substituted by `hsb' on input line 1371.
Package xcolor Info: Model `tHsb' substituted by `hsb' on input line 1372.
Package xcolor Info: Model `HSB' substituted by `hsb' on input line 1373.
Package xcolor Info: Model `Gray' substituted by `gray' on input line 1374.
Package xcolor Info: Model `wave' substituted by `hsb' on input line 1375.
) (float.sty
Package: float 2001/11/08 v1.3d Float enhancements (AL)
\c@float@type=\count294
\float@exts=\toks30
\float@box=\box57
\@float@everytoks=\toks31
\@floatcapt=\box58
) (multirow.sty
Package: multirow 2021/03/15 v2.8 Span multiple rows of a table
\multirow@colwidth=\skip61
\multirow@cntb=\count295
\multirow@dima=\skip62
\bigstrutjot=\dimen191
) (l3backend-xetex.def
File: l3backend-xetex.def 2022-02-07 L3 backend support: XeTeX
\c__kernel_sys_dvipdfmx_version_int=\count296
\l__color_backend_stack_int=\count297
\g__color_backend_stack_int=\count298
\g__graphics_track_int=\count299
\l__pdf_internal_box=\box59
\g__pdf_backend_object_int=\count300
\g__pdf_backend_annotation_int=\count301
\g__pdf_backend_link_int=\count302
) (report_v3.aux)
\openout1 = `report_v3.aux'.

LaTeX Font Info:    Checking defaults for OML/cmm/m/it on input line 30.
LaTeX Font Info:    ... okay on input line 30.
LaTeX Font Info:    Checking defaults for OMS/cmsy/m/n on input line 30.
LaTeX Font Info:    ... okay on input line 30.
LaTeX Font Info:    Checking defaults for OT1/cmr/m/n on input line 30.
LaTeX Font Info:    ... okay on input line 30.
LaTeX Font Info:    Checking defaults for T1/cmr/m/n on input line 30.
LaTeX Font Info:    ... okay on input line 30.
LaTeX Font Info:    Checking defaults for TS1/cmr/m/n on input line 30.
LaTeX Font Info:    Trying to load font information for TS1+cmr on input line 3
0.
 (ts1cmr.fd
File: ts1cmr.fd 2019/12/16 v2.5j Standard LaTeX font definitions
)
LaTeX Font Info:    ... okay on input line 30.
LaTeX Font Info:    Checking defaults for TU/lmr/m/n on input line 30.
LaTeX Font Info:    ... okay on input line 30.
LaTeX Font Info:    Checking defaults for OMX/cmex/m/n on input line 30.
LaTeX Font Info:    ... okay on input line 30.
LaTeX Font Info:    Checking defaults for U/cmr/m/n on input line 30.
LaTeX Font Info:    ... okay on input line 30.
LaTeX Font Info:    Checking defaults for PD1/pdf/m/n on input line 30.
LaTeX Font Info:    ... okay on input line 30.
LaTeX Font Info:    Checking defaults for PU/pdf/m/n on input line 30.
LaTeX Font Info:    ... okay on input line 30.

*geometry* driver: auto-detecting
*geometry* detected driver: xetex
*geometry* verbose mode - [ preamble ] result:
* driver: xetex
* paper: letterpaper
* layout: <same size as paper>
* layoutoffset:(h,v)=(0.0pt,0.0pt)
* modes: 
* h-part:(L,W,R)=(108.405pt, 397.485pt, 108.405pt)
* v-part:(T,H,B)=(72.26999pt, 650.43001pt, 72.26999pt)
* \paperwidth=614.295pt
* \paperheight=794.96999pt
* \textwidth=397.485pt
* \textheight=650.43001pt
* \oddsidemargin=36.13501pt
* \evensidemargin=36.13501pt
* \topmargin=-37.0pt
* \headheight=12.0pt
* \headsep=25.0pt
* \topskip=10.0pt
* \footskip=30.0pt
* \marginparwidth=65.0pt
* \marginparsep=11.0pt
* \columnsep=10.0pt
* \skip\footins=9.0pt plus 4.0pt minus 2.0pt
* \hoffset=0.0pt
* \voffset=0.0pt
* \mag=1000
* \@twocolumnfalse
* \@twosidefalse
* \@mparswitchfalse
* \@reversemarginfalse
* (1in=72.27pt=25.4mm, 1cm=28.453pt)

Package caption Info: Begin \AtBeginDocument code.
Package caption Info: float package is loaded.
Package caption Info: hyperref package is loaded.
Package caption Info: End \AtBeginDocument code.
Package hyperref Info: Link coloring OFF on input line 30.
(nameref.sty
Package: nameref 2021-04-02 v2.47 Cross-referencing by name of section
 (refcount.sty
Package: refcount 2019/12/15 v3.6 Data extraction from label references (HO)
) (gettitlestring.sty
Package: gettitlestring 2019/12/15 v1.6 Cleanup title references (HO)
)
\c@section@level=\count303
)
LaTeX Info: Redefining \ref on input line 30.
LaTeX Info: Redefining \pageref on input line 30.
LaTeX Info: Redefining \nameref on input line 30.
 (report_v3.out)
(report_v3.out)
\@outlinefile=\write3
\openout3 = `report_v3.out'.

LaTeX Info: Redefining \microtypecontext on input line 30.
Package microtype Info: Applying patch `item' on input line 30.
Package microtype Info: Applying patch `toc' on input line 30.
Package microtype Info: Applying patch `eqnum' on input line 30.
Package microtype Info: Applying patch `footnote' on input line 30.
Package microtype Info: Character protrusion enabled (level 2).
Package microtype Info: Using default protrusion set `alltext'.
Package microtype Info: No adjustment of tracking.
Package microtype Info: No adjustment of spacing.
Package microtype Info: No adjustment of kerning.
 (mt-ptm.cfg
File: mt-ptm.cfg 2006/04/20 v1.7 microtype config. file: Times (RS)
) (mt-cmr.cfg
File: mt-cmr.cfg 2013/05/19 v2.2 microtype config. file: Computer Modern Roman 
(RS)
)
LaTeX Font Info:    Trying to load font information for U+msa on input line 35.

 (umsa.fd
File: umsa.fd 2013/01/14 v3.01 AMS symbols A
) (mt-msa.cfg
File: mt-msa.cfg 2006/02/04 v1.1 microtype config. file: AMS symbols (a) (RS)
)
LaTeX Font Info:    Trying to load font information for U+msb on input line 35.

 (umsb.fd
File: umsb.fd 2013/01/14 v3.01 AMS symbols B
)
(mt-msb.cfg
File: mt-msb.cfg 2005/06/01 v1.0 microtype config. file: AMS symbols (b) (RS)
)
Overfull \hbox (30.81519pt too wide) in paragraph at lines 39--53
\T1/ptm/m/n/9 vel-op-ment. \T1/ptm/b/n/9 Stage 1 (v1) \T1/ptm/m/n/9 es-tab-lish
ed the base-line six-model pipeline (MLP-VAE $\OMS/cmsy/m/n/9 !$ \T1/ptm/m/n/9 
ConvVAE/HybridVAE
 []


Overfull \hbox (30.13327pt too wide) in paragraph at lines 39--53
\T1/ptm/m/n/9 six mod-els, and ap-plied ex-haus-tive post-hoc clus-ter-ing (K-M
eans, GMM, Agglomerative-Ward/Complete)
 []

[1

]
Overfull \hbox (15.26974pt too wide) in paragraph at lines 88--90
[]\T1/ptm/m/n/10 Three pro-gres-sive VAE task dif-fi-cul-ties: \T1/ptm/b/n/10 M
LP-VAE (Easy) $\OMS/cmsy/m/n/10 !$ \T1/ptm/b/n/10 ConvVAE/HybridVAE (Medium)
 []


Overfull \hbox (17.92563pt too wide) in paragraph at lines 94--96
[]\T1/ptm/b/n/10 [v2] \T1/ptm/m/n/10 Ex-haus-tive post-hoc clus-ter-ing search 
across four al-go-rithms, con-firm-ing gen-uine ARI=0.484
 []

File: figures//fig_v3_journey.pdf Graphic file (type pdf)
<use figures//fig_v3_journey.pdf>
[2]
LaTeX Font Info:    Trying to load font information for T1+pcr on input line 17
7.
 (t1pcr.fd
File: t1pcr.fd 2001/06/04 font definitions for T1/pcr.
)
Package microtype Info: Loading generic protrusion settings for font family
(microtype)             `pcr' (encoding: T1).
(microtype)             For optimal results, create family-specific settings.
(microtype)             See the microtype manual for details.

Overfull \hbox (133.1225pt too wide) in paragraph at lines 176--180
[]\T1/ptm/b/n/10 Lyrics Em-bed-dings: \T1/ptm/m/n/10 Proxy En-glish de-scrip-ti
ons per genre, en-coded by \T1/pcr/m/n/10 paraphrase-multilingual-MiniLM-L12-v2
 \T1/ptm/m/n/10 [[]]
 []


Package hyperref Warning: Token not allowed in a PDF string (Unicode):
(hyperref)                removing `math shift' on input line 217.


Package hyperref Warning: Token not allowed in a PDF string (Unicode):
(hyperref)                removing `math shift' on input line 217.

File: figures//fig_v3_why_k.pdf Graphic file (type pdf)
<use figures//fig_v3_why_k.pdf>
[3]
LaTeX Font Info:    Trying to load font information for TS1+ptm on input line 2
35.
 (ts1ptm.fd
File: ts1ptm.fd 2001/06/04 font definitions for TS1/ptm.
)
File: figures//dataset_pipeline.png Graphic file (type bmp)
<figures//dataset_pipeline.png>
 [4]
File: figures//progression_comparison.png Graphic file (type bmp)
<figures//progression_comparison.png>
File: figures//full_comparison.png Graphic file (type bmp)
<figures//full_comparison.png>
 [5]
File: figures//easy_training.png Graphic file (type bmp)
<figures//easy_training.png>
File: figures//easy_tsne_kmeans.png Graphic file (type bmp)
<figures//easy_tsne_kmeans.png>
File: figures//easy_tsne_language.png Graphic file (type bmp)
<figures//easy_tsne_language.png>
File: figures//easy_elbow.png Graphic file (type bmp)
<figures//easy_elbow.png>
 [6]
File: figures//medium_conv_training.png Graphic file (type bmp)
<figures//medium_conv_training.png>
File: figures//medium_hybrid_training.png Graphic file (type bmp)
<figures//medium_hybrid_training.png>
File: figures//medium_conv_language.png Graphic file (type bmp)
<figures//medium_conv_language.png>
File: figures//medium_hybrid_language.png Graphic file (type bmp)
<figures//medium_hybrid_language.png>
File: figures//medium_tsne_kmeans.png Graphic file (type bmp)
<figures//medium_tsne_kmeans.png>
File: figures//medium_tsne_language.png Graphic file (type bmp)
<figures//medium_tsne_language.png>
 [7]
File: figures//hard_beta_training.png Graphic file (type bmp)
<figures//hard_beta_training.png>
File: figures//hard_cvae_training.png Graphic file (type bmp)
<figures//hard_cvae_training.png>
File: figures//hard_mm_training.png Graphic file (type bmp)
<figures//hard_mm_training.png>
File: figures//hard_cvae_language.png Graphic file (type bmp)
<figures//hard_cvae_language.png>
File: figures//beta_tsne_language.png Graphic file (type bmp)
<figures//beta_tsne_language.png>
File: figures//hard_beta_tsne_clusters.png Graphic file (type bmp)
<figures//hard_beta_tsne_clusters.png>
File: figures//hard_cvae_tsne_clusters.png Graphic file (type bmp)
<figures//hard_cvae_tsne_clusters.png>
File: figures//hard_comparison_table.png Graphic file (type bmp)
<figures//hard_comparison_table.png>
 [8]
File: figures//cvae_reconstructions.png Graphic file (type bmp)
<figures//cvae_reconstructions.png>
File: figures//beta_vae_reconstructions.png Graphic file (type bmp)
<figures//beta_vae_reconstructions.png>
File: figures//latent_traversal.png Graphic file (type bmp)
<figures//latent_traversal.png>


Package hyperref Warning: Token not allowed in a PDF string (Unicode):
(hyperref)                removing `math shift' on input line 464.


Package hyperref Warning: Token not allowed in a PDF string (Unicode):
(hyperref)                removing `math shift' on input line 464.

File: figures//multi_k_comparison.png Graphic file (type bmp)
<figures//multi_k_comparison.png>
[9]
File: figures//finetune_comparison.png Graphic file (type bmp)
<figures//finetune_comparison.png>
 [10] [11]
Overfull \hbox (56.52446pt too wide) in paragraph at lines 627--628
[]\T1/ptm/m/n/10 Bangla Ad-hu-nik: \T1/pcr/m/n/10 ``acoustic instruments with t
raditional melodic storytelling'' 
 []


Overfull \hbox (22.53421pt too wide) in paragraph at lines 628--629
[]\T1/ptm/m/n/10 English Blues: \T1/pcr/m/n/10 ``soulful string melodies with s
low rhythmic progression'' 
 []


Overfull \hbox (61.91917pt too wide) in paragraph at lines 642--644
[]\T1/ptm/b/n/10 Fix\T1/ptm/m/n/10 : all au-dio fea-tures re-extracted from the
 cen-ter 3s win-dow of ev-ery clip (\T1/pcr/m/n/10 reextract_features_3s.py\T1/
ptm/m/n/10 ),
 []


Package hyperref Warning: Token not allowed in a PDF string (Unicode):
(hyperref)                removing `math shift' on input line 645.


Package hyperref Warning: Token not allowed in a PDF string (Unicode):
(hyperref)                removing `\to' on input line 645.


Package hyperref Warning: Token not allowed in a PDF string (Unicode):
(hyperref)                removing `math shift' on input line 645.


Underfull \hbox (badness 10000) in paragraph at lines 658--658
[]|\T1/ptm/m/n/9 Language-tagged tem-plates
 []


Underfull \hbox (badness 1365) in paragraph at lines 658--658
\T1/ptm/m/n/9 (``bangla folk mu-sic'') $\OMS/cmsy/m/n/9 !$ \T1/ptm/m/n/9 la-bel

 []


Underfull \hbox (badness 6094) in paragraph at lines 661--661
[]|\T1/ptm/m/n/9 Full clip (30s En-glish / 3s
 []


Underfull \hbox (badness 10000) in paragraph at lines 662--663
[]|\T1/ptm/m/n/9 Center 3s of ev-ery clip
 []


Underfull \hbox (badness 10000) in paragraph at lines 669--670
[]|\T1/ptm/m/n/9 n_init=10, full co-vari-ance,
 []


Underfull \hbox (badness 6220) in paragraph at lines 672--673
[]|\T1/ptm/m/n/9 auto: best SS per (model, $\OML/cmm/m/it/9 K$\T1/ptm/m/n/9 ,
 []


Underfull \hbox (badness 10000) in paragraph at lines 673--674
[]|\T1/ptm/m/n/9 90-dim
 []


Overfull \hbox (7.13707pt too wide) in paragraph at lines 673--674
\T1/ptm/m/n/9 (MFCC+Chroma+SpContrast+Tonnetz)| 
 []


Package hyperref Warning: Token not allowed in a PDF string (Unicode):
(hyperref)                removing `\leavevmode@ifvmode' on input line 686.


Package hyperref Warning: Token not allowed in a PDF string (Unicode):
(hyperref)                \kern 1.66702pt
(hyperref)                removed on input line 686.

[12]
File: figures//fig_v3_corrected_lang.pdf Graphic file (type pdf)
<use figures//fig_v3_corrected_lang.pdf>
File: figures//fig_v3_tsne_v2.pdf Graphic file (type pdf)
<use figures//fig_v3_tsne_v2.pdf>
 [13]
File: figures//fig_v3_corrected_genre.pdf Graphic file (type pdf)
<use figures//fig_v3_corrected_genre.pdf>


Package hyperref Warning: Token not allowed in a PDF string (Unicode):
(hyperref)                removing `math shift' on input line 822.


Package hyperref Warning: Token not allowed in a PDF string (Unicode):
(hyperref)                removing `math shift' on input line 822.

[14]
File: figures//fig_v3_finetune.pdf Graphic file (type pdf)
<use figures//fig_v3_finetune.pdf>
 [15]
Overfull \hbox (35.646pt too wide) in paragraph at lines 962--970
\OT1/cmr/m/n/10 30$\T1/ptm/m/n/10 , $[]  \OT1/cmr/m/n/10 =  0$\T1/ptm/m/n/10 ).
 Hy-per-pa-ram-e-ters \T1/pcr/m/n/10 min_cluster_size $\OMS/cmsy/m/n/10 2 f\OT1
/cmr/m/n/10 50\OML/cmm/m/it/10 ; \OT1/cmr/m/n/10 100\OML/cmm/m/it/10 ; \OT1/cmr
/m/n/10 200\OML/cmm/m/it/10 ; \OT1/cmr/m/n/10 300\OML/cmm/m/it/10 ; \OT1/cmr/m/
n/10 500\OMS/cmsy/m/n/10 g$ \T1/ptm/m/n/10 and \T1/pcr/m/n/10 min_samples
 []


Overfull \hbox (28.43336pt too wide) in paragraph at lines 989--1001
[]\T1/ptm/b/n/10 BetaVAE+UMAP+HDBSCAN \T1/ptm/m/n/10 finds 4 nat-u-ral clus-ter
s (mcs=300) with ARI=0.255 and NMI=0.349---
 []


Overfull \hbox (2.3114pt too wide) in paragraph at lines 989--1001
\T1/ptm/m/n/10 the true 18 genre classes---with lan-guage pu-rity 87.1%. \T1/pt
m/b/n/10 CVAE+UMAP+HDBSCAN \T1/ptm/m/n/10 over-fragments
 []

[16]
File: figures//fig_v3_progression.pdf Graphic file (type pdf)
<use figures//fig_v3_progression.pdf>


Package hyperref Warning: Token not allowed in a PDF string (Unicode):
(hyperref)                removing `math shift' on input line 1019.


Package hyperref Warning: Token not allowed in a PDF string (Unicode):
(hyperref)                removing `\to' on input line 1019.


Package hyperref Warning: Token not allowed in a PDF string (Unicode):
(hyperref)                removing `math shift' on input line 1019.

File: figures//fig_v2_v1v2_delta.pdf Graphic file (type pdf)
<use figures//fig_v2_v1v2_delta.pdf>
File: figures//fig_v2_ari_heatmap.pdf Graphic file (type pdf)
<use figures//fig_v2_ari_heatmap.pdf>
[17]

Package hyperref Warning: Token not allowed in a PDF string (Unicode):
(hyperref)                removing `math shift' on input line 1120.


Package hyperref Warning: Token not allowed in a PDF string (Unicode):
(hyperref)                removing `\approx' on input line 1120.


Package hyperref Warning: Token not allowed in a PDF string (Unicode):
(hyperref)                removing `math shift' on input line 1120.

[18]

Package hyperref Warning: Token not allowed in a PDF string (Unicode):
(hyperref)                removing `math shift' on input line 1178.


Package hyperref Warning: Token not allowed in a PDF string (Unicode):
(hyperref)                removing `\beta' on input line 1178.


Package hyperref Warning: Token not allowed in a PDF string (Unicode):
(hyperref)                removing `\leavevmode@ifvmode' on input line 1178.


Package hyperref Warning: Token not allowed in a PDF string (Unicode):
(hyperref)                \kern -1.66702pt
(hyperref)                removed on input line 1178.


Package hyperref Warning: Token not allowed in a PDF string (Unicode):
(hyperref)                removing `\leavevmode@ifvmode' on input line 1178.


Package hyperref Warning: Token not allowed in a PDF string (Unicode):
(hyperref)                \kern -1.66702pt
(hyperref)                removed on input line 1178.


Package hyperref Warning: Token not allowed in a PDF string (Unicode):
(hyperref)                removing `math shift' on input line 1178.

[19]
Overfull \hbox (35.74077pt too wide) in paragraph at lines 1212--1215
\T1/ptm/m/n/10 proxy lyrics (\T1/pcr/m/n/10 src/lyrics.py\T1/ptm/m/n/10 ) and u
ni-form 3s au-dio win-dow (\T1/pcr/m/n/10 reextract_features_3s.py\T1/ptm/m/n/1
0 ). 
 []


Overfull \hbox (80.2444pt too wide) in paragraph at lines 1251--1257
\T1/pcr/m/n/10 results/easy/\T1/ptm/m/n/10 , \T1/pcr/m/n/10 results/medium/\T1/
ptm/m/n/10 , \T1/pcr/m/n/10 results/hard/\T1/ptm/m/n/10 . v2 re-sults: \T1/pcr/
m/n/10 results/v2/leaderboard_v2.csv
 []

[20] [21

] (report_v3.aux)
Package rerunfilecheck Info: File `report_v3.out' has not changed.
(rerunfilecheck)             Checksum: A9C1AF42AC25BEB1F0F2595C4E8F2DCB;8064.
 )
Output written on report_v3.xdv (21 pages, 103240 bytes).
