
Found 4 checkpoint(s): ['BasicVAE', 'ConvVAE', 'HybridVAE', 'MultiModalVAE']
[LOAD] Loading v2 features...
  N=20019  mfcc:(20019, 40)  mel:(20019, 256)  comb:(20019, 90)  lyrics:(20019, 384)  cond_dim=22

============================================================
[CLUSTERING] Exhaustive clustering on available models
============================================================

  Loading basic_vae_easy_v2.pt ...
  Easy-BasicVAE                K= 2 [language      ]  SS=0.752  ARI=-0.000  NMI=0.000  method=Agglom-Complete
  Easy-BasicVAE                K=10 [genre_all     ]  SS=0.429  ARI=0.053  NMI=0.132  method=KMeans
  Easy-BasicVAE                K=18 [genre_labeled ]  SS=0.405  ARI=0.062  NMI=0.146  method=Agglom-Complete

  Loading conv_vae_medium_v2.pt ...
  Medium-ConvVAE               K= 2 [language      ]  SS=0.627  ARI=0.009  NMI=0.034  method=Agglom-Ward
  Medium-ConvVAE               K=10 [genre_all     ]  SS=0.429  ARI=-0.012  NMI=0.106  method=Agglom-Complete
  Medium-ConvVAE               K=18 [genre_labeled ]  SS=0.419  ARI=0.056  NMI=0.143  method=Agglom-Complete

  Loading hybrid_vae_medium_v2.pt ...
  Medium-HybridVAE             K= 2 [language      ]  SS=0.532  ARI=0.529  NMI=0.441  method=KMeans
  Medium-HybridVAE             K=10 [genre_all     ]  SS=0.444  ARI=0.480  NMI=0.756  method=KMeans
  Medium-HybridVAE             K=18 [genre_labeled ]  SS=0.416  ARI=0.719  NMI=0.842  method=GMM

  Loading multimodal_vae_hard_v2.pt ...
  Hard-MultiModalVAE           K= 2 [language      ]  SS=0.456  ARI=0.005  NMI=0.004  method=KMeans
  Hard-MultiModalVAE           K=10 [genre_all     ]  SS=0.239  ARI=0.157  NMI=0.304  method=KMeans
  Hard-MultiModalVAE           K=18 [genre_labeled ]  SS=0.222  ARI=0.111  NMI=0.230  method=KMeans

Leaderboard updated -> C:\Users\ASUS VivoBook\msc\CSE715\project\results\v2\leaderboard_v2.csv  (12 new rows)

============================================================
[FINETUNE] Quick grid: beta={1.0,2.0} x latent_dim=32 x 30 epochs
============================================================

  Finetuning BasicVAE ...

============================================================
 Training qft_BasicVAE_b1.0_v2 on cpu
 Epochs: 30, LR: 0.001, KL Weight: 1.0
 KL Annealing: True
============================================================

  Epoch   1/30 | Total: 1.0175 | Recon: 0.8468 | KL: 1.5361 | beta: 0.111 | LR: 1.0e-03
  Epoch  10/30 | Total: 1.0039 | Recon: 1.0036 | KL: 0.0003 | beta: 1.000 | LR: 5.0e-04

  Early stopping at epoch 12 (no improvement for 10 epochs)

  Model saved to C:\Users\ASUS VivoBook\msc\CSE715\project\results\models\qft_BasicVAE_b1.0_v2.pt
  qft BasicVAE        b=1.0 ld=32 K= 2 [language      ]  SS=0.519  ARI=0.072
  qft BasicVAE        b=1.0 ld=32 K=10 [genre_all     ]  SS=0.245  ARI=0.081
  qft BasicVAE        b=1.0 ld=32 K=18 [genre_labeled ]  SS=0.223  ARI=0.088

============================================================
 Training qft_BasicVAE_b2.0_v2 on cpu
 Epochs: 30, LR: 0.001, KL Weight: 2.0
 KL Annealing: True
============================================================

  Epoch   1/30 | Total: 1.1130 | Recon: 0.9733 | KL: 0.6283 | beta: 0.222 | LR: 1.0e-03
  Epoch  10/30 | Total: 1.0043 | Recon: 1.0040 | KL: 0.0002 | beta: 2.000 | LR: 1.0e-03
  Epoch  20/30 | Total: 1.0007 | Recon: 1.0007 | KL: 0.0000 | beta: 2.000 | LR: 1.0e-03
  Epoch  30/30 | Total: 1.0003 | Recon: 1.0003 | KL: 0.0000 | beta: 2.000 | LR: 1.0e-03

  Model saved to C:\Users\ASUS VivoBook\msc\CSE715\project\results\models\qft_BasicVAE_b2.0_v2.pt
  qft BasicVAE        b=2.0 ld=32 K=10 [genre_all     ]  SS=0.761  ARI=-0.001
  qft BasicVAE        b=2.0 ld=32 K=18 [genre_labeled ]  SS=0.819  ARI=-0.000

  Finetuning ConvVAE ...

============================================================
 Training qft_ConvVAE_b1.0_v2 on cpu
 Epochs: 30, LR: 0.001, KL Weight: 1.0
 KL Annealing: True
============================================================

  Epoch   1/30 | Total: 1.2175 | Recon: 1.1436 | KL: 0.6644 | beta: 0.111 | LR: 1.0e-03
  Epoch  10/30 | Total: 1.0019 | Recon: 1.0016 | KL: 0.0004 | beta: 1.000 | LR: 5.0e-04

  Early stopping at epoch 12 (no improvement for 10 epochs)

  Model saved to C:\Users\ASUS VivoBook\msc\CSE715\project\results\models\qft_ConvVAE_b1.0_v2.pt
  qft ConvVAE         b=1.0 ld=32 K= 2 [language      ]  SS=0.289  ARI=0.012
  qft ConvVAE         b=1.0 ld=32 K=10 [genre_all     ]  SS=0.104  ARI=-0.006
  qft ConvVAE         b=1.0 ld=32 K=18 [genre_labeled ]  SS=0.057  ARI=0.022

============================================================
 Training qft_ConvVAE_b2.0_v2 on cpu
 Epochs: 30, LR: 0.001, KL Weight: 2.0
 KL Annealing: True
============================================================

  Epoch   1/30 | Total: 1.1693 | Recon: 1.1640 | KL: 0.0235 | beta: 0.222 | LR: 1.0e-03
  Epoch  10/30 | Total: 1.0018 | Recon: 1.0016 | KL: 0.0001 | beta: 2.000 | LR: 1.0e-03
  Epoch  20/30 | Total: 1.0012 | Recon: 1.0011 | KL: 0.0000 | beta: 2.000 | LR: 1.0e-03
  Epoch  30/30 | Total: 1.0006 | Recon: 1.0005 | KL: 0.0000 | beta: 2.000 | LR: 5.0e-04

  Model saved to C:\Users\ASUS VivoBook\msc\CSE715\project\results\models\qft_ConvVAE_b2.0_v2.pt
  qft ConvVAE         b=2.0 ld=32 K= 2 [language      ]  SS=0.789  ARI=0.000
  qft ConvVAE         b=2.0 ld=32 K=10 [genre_all     ]  SS=0.632  ARI=-0.031
  qft ConvVAE         b=2.0 ld=32 K=18 [genre_labeled ]  SS=0.633  ARI=0.003

  Finetuning HybridVAE ...

============================================================
 Training qft_HybridVAE_b1.0_v2 on cpu
 Epochs: 30, LR: 0.001, KL Weight: 1.0
 KL Annealing: True
============================================================

  Epoch   1/30 | Total: 0.9658 | Recon: 0.7808 | KL: 1.6651 | beta: 0.111 | LR: 1.0e-03
  Epoch  10/30 | Total: 1.0029 | Recon: 1.0027 | KL: 0.0002 | beta: 1.000 | LR: 5.0e-04

  Early stopping at epoch 11 (no improvement for 10 epochs)

  Model saved to C:\Users\ASUS VivoBook\msc\CSE715\project\results\models\qft_HybridVAE_b1.0_v2.pt
  qft HybridVAE       b=1.0 ld=32 K= 2 [language      ]  SS=0.449  ARI=0.696
  qft HybridVAE       b=1.0 ld=32 K=10 [genre_all     ]  SS=0.454  ARI=0.473
  qft HybridVAE       b=1.0 ld=32 K=18 [genre_labeled ]  SS=0.416  ARI=0.730

============================================================
 Training qft_HybridVAE_b2.0_v2 on cpu
 Epochs: 30, LR: 0.001, KL Weight: 2.0
 KL Annealing: True
============================================================

  Epoch   1/30 | Total: 1.0864 | Recon: 0.9586 | KL: 0.5752 | beta: 0.222 | LR: 1.0e-03
  Epoch  10/30 | Total: 1.0034 | Recon: 1.0025 | KL: 0.0004 | beta: 2.000 | LR: 1.0e-03
  Epoch  20/30 | Total: 1.0005 | Recon: 1.0004 | KL: 0.0000 | beta: 2.000 | LR: 1.0e-03
  Epoch  30/30 | Total: 1.0002 | Recon: 1.0002 | KL: 0.0000 | beta: 2.000 | LR: 5.0e-04

  Model saved to C:\Users\ASUS VivoBook\msc\CSE715\project\results\models\qft_HybridVAE_b2.0_v2.pt
  qft HybridVAE       b=2.0 ld=32 K= 2 [language      ]  SS=0.391  ARI=0.816
  qft HybridVAE       b=2.0 ld=32 K=10 [genre_all     ]  SS=0.420  ARI=0.317
  qft HybridVAE       b=2.0 ld=32 K=18 [genre_labeled ]  SS=0.406  ARI=0.414

  Finetuning MultiModalVAE ...

============================================================
 Training qft_MultiModalVAE_b1.0_v2 (MultiModalVAE) on cpu
 Epochs: 30, LR: 0.001, KL Weight: 1.0
============================================================

  Epoch   1/30 | Total: 1.0469 | Recon: 0.9551 | KL: 0.8264 | beta: 0.111 | LR: 1.0e-03
  Epoch  10/30 | Total: 1.0020 | Recon: 1.0017 | KL: 0.0002 | beta: 1.000 | LR: 1.0e-03
  Epoch  20/30 | Total: 1.0004 | Recon: 1.0003 | KL: 0.0000 | beta: 1.000 | LR: 1.0e-03
  Epoch  30/30 | Total: 1.0001 | Recon: 1.0001 | KL: 0.0000 | beta: 1.000 | LR: 5.0e-04

  Model saved to C:\Users\ASUS VivoBook\msc\CSE715\project\results\models\qft_MultiModalVAE_b1.0_v2.pt
  qft MultiModalVAE   b=1.0 ld=32 K= 2 [language      ]  SS=0.608  ARI=0.000
  qft MultiModalVAE   b=1.0 ld=32 K=10 [genre_all     ]  SS=0.691  ARI=-0.000
  qft MultiModalVAE   b=1.0 ld=32 K=18 [genre_labeled ]  SS=0.719  ARI=0.000

============================================================
 Training qft_MultiModalVAE_b2.0_v2 (MultiModalVAE) on cpu
 Epochs: 30, LR: 0.001, KL Weight: 2.0
============================================================

  Epoch   1/30 | Total: 1.0889 | Recon: 1.0219 | KL: 0.3014 | beta: 0.222 | LR: 1.0e-03
  Epoch  10/30 | Total: 1.0023 | Recon: 1.0020 | KL: 0.0001 | beta: 2.000 | LR: 1.0e-03
  Epoch  20/30 | Total: 1.0002 | Recon: 1.0002 | KL: 0.0000 | beta: 2.000 | LR: 1.0e-03
  Epoch  30/30 | Total: 1.0002 | Recon: 1.0002 | KL: 0.0000 | beta: 2.000 | LR: 1.0e-03

  Model saved to C:\Users\ASUS VivoBook\msc\CSE715\project\results\models\qft_MultiModalVAE_b2.0_v2.pt
  qft MultiModalVAE   b=2.0 ld=32 K= 2 [language      ]  SS=0.793  ARI=0.000
  qft MultiModalVAE   b=2.0 ld=32 K=10 [genre_all     ]  SS=0.695  ARI=0.014
  qft MultiModalVAE   b=2.0 ld=32 K=18 [genre_labeled ]  SS=0.599  ARI=0.011

Finetune results saved -> C:\Users\ASUS VivoBook\msc\CSE715\project\results\v2\finetune_quick_v2.csv  (23 new rows)

DONE.
