
Found 1 checkpoint(s): ['BetaVAE']
[LOAD] Loading v2 features...
  N=20019  mfcc:(20019, 40)  mel:(20019, 256)  comb:(20019, 90)  lyrics:(20019, 384)  cond_dim=22

============================================================
[CLUSTERING] Exhaustive clustering on available models
============================================================

  Loading beta_vae_hard_v2.pt ...
  Hard-BetaVAE                 K= 2 [language      ]  SS=0.365  ARI=0.000  NMI=0.001  method=Agglom-Complete
  Hard-BetaVAE                 K=10 [genre_all     ]  SS=0.233  ARI=0.145  NMI=0.275  method=KMeans
  Hard-BetaVAE                 K=18 [genre_labeled ]  SS=0.203  ARI=0.111  NMI=0.231  method=KMeans

Leaderboard updated -> C:\Users\ASUS VivoBook\msc\CSE715\project\results\v2\leaderboard_v2.csv  (3 new rows)

============================================================
[FINETUNE] Quick grid: beta={1.0,2.0} x latent_dim=32 x 30 epochs
============================================================

  Finetuning BetaVAE ...

============================================================
 Training qft_BetaVAE_b1.0_v2 on cpu
 Epochs: 30, LR: 0.001, KL Weight: 1.0
 KL Annealing: True
============================================================

  Epoch   1/30 | Total: 1.0680 | Recon: 0.9546 | KL: 1.0209 | beta: 0.111 | LR: 1.0e-03
  Epoch  10/30 | Total: 1.0025 | Recon: 1.0023 | KL: 0.0003 | beta: 1.000 | LR: 1.0e-03
  Epoch  20/30 | Total: 1.0004 | Recon: 1.0004 | KL: 0.0000 | beta: 1.000 | LR: 1.0e-03
  Epoch  30/30 | Total: 1.0001 | Recon: 1.0001 | KL: 0.0000 | beta: 1.000 | LR: 5.0e-04

  Model saved to C:\Users\ASUS VivoBook\msc\CSE715\project\results\models\qft_BetaVAE_b1.0_v2.pt
  qft BetaVAE         b=1.0 ld=32 K= 2 [language      ]  SS=0.532  ARI=0.000
  qft BetaVAE         b=1.0 ld=32 K=10 [genre_all     ]  SS=0.308  ARI=0.130
  qft BetaVAE         b=1.0 ld=32 K=18 [genre_labeled ]  SS=0.217  ARI=0.077

============================================================
 Training qft_BetaVAE_b2.0_v2 on cpu
 Epochs: 30, LR: 0.001, KL Weight: 2.0
 KL Annealing: True
============================================================

  Epoch   1/30 | Total: 1.1304 | Recon: 1.0248 | KL: 0.4749 | beta: 0.222 | LR: 1.0e-03
  Epoch  10/30 | Total: 1.0023 | Recon: 1.0019 | KL: 0.0002 | beta: 2.000 | LR: 1.0e-03
  Epoch  20/30 | Total: 1.0003 | Recon: 1.0003 | KL: 0.0000 | beta: 2.000 | LR: 1.0e-03
  Epoch  30/30 | Total: 1.0001 | Recon: 1.0001 | KL: 0.0000 | beta: 2.000 | LR: 5.0e-04

  Model saved to C:\Users\ASUS VivoBook\msc\CSE715\project\results\models\qft_BetaVAE_b2.0_v2.pt
  qft BetaVAE         b=2.0 ld=32 K= 2 [language      ]  SS=0.488  ARI=0.003
  qft BetaVAE         b=2.0 ld=32 K=10 [genre_all     ]  SS=0.229  ARI=0.091
  qft BetaVAE         b=2.0 ld=32 K=18 [genre_labeled ]  SS=0.145  ARI=0.058

Finetune results saved -> C:\Users\ASUS VivoBook\msc\CSE715\project\results\v2\finetune_quick_v2.csv  (6 new rows)

DONE.
